2026-06-28 16:04:06,905 | INFO | ============================================================
2026-06-28 16:04:06,906 | INFO | Starting Daily Match Loader
2026-06-28 16:04:06,906 | INFO | Target Date : 20260627
2026-06-28 16:04:08,060 | INFO | Found 191 matches
2026-06-28 16:04:08,380 | INFO | Processing Match 4667830 | Croatia vs Ghana
2026-06-28 16:04:09,531 | INFO | Successfully Loaded Match 4667830
2026-06-28 16:04:09,533 | INFO | Processing Match 4667829 | Panama vs England
2026-06-28 16:04:11,769 | INFO | Successfully Loaded Match 4667829
2026-06-28 16:04:11,771 | INFO | Processing Match 4667823 | Colombia vs Portugal
2026-06-28 16:04:14,649 | INFO | Successfully Loaded Match 4667823
2026-06-28 16:04:14,650 | INFO | Processing Match 4667824 | DR Congo vs Uzbekistan
2026-06-28 16:04:17,313 | INFO | Successfully Loaded Match 4667824
2026-06-28 16:04:17,315 | INFO | Processing Match 4667817 | Algeria vs Austria
2026-06-28 16:04:19,869 | INFO | Successfully Loaded Match 4667817
2026-06-28 16:04:19,870 | INFO | Processing Match 4667816 | Jordan vs Argentina
2026-06-28 16:04:21,751 | INFO | Successfully Loaded Match 4667816
2026-06-28 16:04:21,752 | INFO | Processing Match 5225798 | Throttur Reykjavik vs Vestri
2026-06-28 16:04:24,020 | INFO | Successfully Loaded Match 5225798
2026-06-28 16:04:24,021 | INFO | Processing Match 5225799 | Vďż˝lsungur vs Grotta
2026-06-28 16:04:26,649 | INFO | Successfully Loaded Match 5225799
2026-06-28 16:04:26,650 | INFO | Processing Match 5189987 | Bryne (W) vs Fyllingsdalen (W)
2026-06-28 16:04:29,438 | INFO | Successfully Loaded Match 5189987
2026-06-28 16:04:29,439 | INFO | Processing Match 5189988 | Odds Ballklubb (W) vs Frigg (W)
2026-06-28 16:04:31,948 | INFO | Successfully Loaded Match 5189988
2026-06-28 16:04:31,950 | INFO | Processing Match 5105185 | ďż˝sane vs Ranheim
2026-06-28 16:04:34,905 | INFO | Successfully Loaded Match 5105185
2026-06-28 16:04:34,907 | INFO | Processing Match 5105178 | FK Haugesund vs Kongsvinger
2026-06-28 16:04:36,963 | INFO | Successfully Loaded Match 5105178
2026-06-28 16:04:36,965 | INFO | Processing Match 5105179 | Lyn vs Hďż˝dd
2026-06-28 16:04:39,098 | INFO | Successfully Loaded Match 5105179
2026-06-28 16:04:39,099 | INFO | Processing Match 5105180 | Sandnes Ulf vs Raufoss
2026-06-28 16:04:40,601 | INFO | Successfully Loaded Match 5105180
2026-06-28 16:04:40,602 | INFO | Processing Match 5105182 | Stabďż˝k vs Bryne
2026-06-28 16:04:42,746 | INFO | Successfully Loaded Match 5105182
2026-06-28 16:04:42,748 | INFO | Processing Match 5105183 | Strďż˝mmen vs Moss
2026-06-28 16:04:44,548 | INFO | Successfully Loaded Match 5105183
2026-06-28 16:04:44,549 | INFO | Processing Match 5105184 | Strďż˝msgodset vs Odd
2026-06-28 16:04:45,879 | INFO | Successfully Loaded Match 5105184
2026-06-28 16:04:45,880 | INFO | Processing Match 5105181 | Sogndal vs Egersund
2026-06-28 16:04:47,345 | INFO | Successfully Loaded Match 5105181
2026-06-28 16:04:47,346 | INFO | Processing Match 5225921 | Dalvik/Reynir vs KFA
2026-06-28 16:04:48,790 | INFO | Successfully Loaded Match 5225921
2026-06-28 16:04:48,792 | INFO | Processing Match 5225922 | Kormďż˝kur/Hvďż˝t vs Hviti Riddarinn
2026-06-28 16:04:50,189 | INFO | Successfully Loaded Match 5225922
2026-06-28 16:04:50,190 | INFO | Processing Match 5225923 | Vikingur Olafsvik vs KFG
2026-06-28 16:04:51,653 | INFO | Successfully Loaded Match 5225923
2026-06-28 16:04:51,654 | INFO | Processing Match 5225924 | Kari vs Magni
2026-06-28 16:04:52,890 | INFO | Successfully Loaded Match 5225924
2026-06-28 16:04:52,891 | INFO | Processing Match 5143323 | Trďż˝ff vs Eik-Tďż˝nsberg
2026-06-28 16:04:53,985 | INFO | Successfully Loaded Match 5143323
2026-06-28 16:04:53,986 | INFO | Processing Match 5143324 | Lysekloster vs Brattvďż˝g
2026-06-28 16:04:55,763 | INFO | Successfully Loaded Match 5143324
2026-06-28 16:04:55,766 | INFO | Processing Match 5143325 | Vidar vs Kvik Halden
2026-06-28 16:04:57,223 | INFO | Successfully Loaded Match 5143325
2026-06-28 16:04:57,224 | INFO | Processing Match 5143326 | Mjďż˝ndalen vs Bjarg
2026-06-28 16:04:58,600 | INFO | Successfully Loaded Match 5143326
2026-06-28 16:04:58,602 | INFO | Processing Match 5143328 | Pors vs Arendal
2026-06-28 16:04:59,734 | INFO | Successfully Loaded Match 5143328
2026-06-28 16:04:59,735 | INFO | Processing Match 5143327 | Sandviken vs Notodden
2026-06-28 16:05:01,254 | INFO | Successfully Loaded Match 5143327
2026-06-28 16:05:01,255 | INFO | Processing Match 5143540 | Ull/Kisa vs Rana FK
2026-06-28 16:05:02,383 | INFO | Successfully Loaded Match 5143540
2026-06-28 16:05:02,385 | INFO | Processing Match 5143541 | Kjelsďż˝s vs Hďż˝nefoss
2026-06-28 16:05:03,430 | INFO | Successfully Loaded Match 5143541
2026-06-28 16:05:03,432 | INFO | Processing Match 5143542 | Lďż˝renskog vs Grorud
2026-06-28 16:05:04,781 | INFO | Successfully Loaded Match 5143542
2026-06-28 16:05:04,782 | INFO | Processing Match 5774390 | Shahrdari Nowshahr vs Mes Kerman
2026-06-28 16:05:06,387 | INFO | Successfully Loaded Match 5774390
2026-06-28 16:05:06,389 | INFO | Processing Match 5774389 | Havadar SC vs Damash
2026-06-28 16:05:08,727 | INFO | Successfully Loaded Match 5774389
2026-06-28 16:05:08,731 | INFO | Processing Match 5774383 | Mes Shahr Babak vs Niroye Zamini
2026-06-28 16:05:10,576 | INFO | Successfully Loaded Match 5774383
2026-06-28 16:05:10,577 | INFO | Processing Match 5774384 | Naft Bandar Abbas vs Sanat-Naft
2026-06-28 16:05:12,882 | INFO | Successfully Loaded Match 5774384
2026-06-28 16:05:12,883 | INFO | Processing Match 5774385 | Naft Gachsaran vs Nassaji
2026-06-28 16:05:14,453 | INFO | Successfully Loaded Match 5774385
2026-06-28 16:05:14,454 | INFO | Processing Match 5774386 | Pars Jonoubi vs Navad
2026-06-28 16:05:15,842 | INFO | Successfully Loaded Match 5774386
2026-06-28 16:05:15,843 | INFO | Processing Match 5774387 | Ario Islamshahr vs Beasat Kermanshah
2026-06-28 16:05:17,285 | INFO | Successfully Loaded Match 5774387
2026-06-28 16:05:17,286 | INFO | Processing Match 5774388 | FC Fard vs Saipa
2026-06-28 16:05:18,910 | INFO | Successfully Loaded Match 5774388
2026-06-28 16:05:18,912 | INFO | Processing Match 5774391 | Kara Gostar vs Shenavarsazi Qeshm
2026-06-28 16:05:20,345 | INFO | Successfully Loaded Match 5774391
2026-06-28 16:05:20,348 | INFO | Processing Match 5207135 | Changchun Yatai vs Guangxi Hengchen
2026-06-28 16:05:22,536 | INFO | Successfully Loaded Match 5207135
2026-06-28 16:05:22,537 | INFO | Processing Match 5207136 | Dalian K'un City vs Shenzhen Juniors
2026-06-28 16:05:23,983 | INFO | Successfully Loaded Match 5207136
2026-06-28 16:05:23,984 | INFO | Processing Match 5207137 | Foshan Nanshi vs Yanbian Longding
2026-06-28 16:05:25,545 | INFO | Successfully Loaded Match 5207137
2026-06-28 16:05:25,547 | INFO | Processing Match 5207138 | Guangdong GZ-Power vs Shaanxi Union
2026-06-28 16:05:26,886 | INFO | Successfully Loaded Match 5207138
2026-06-28 16:05:26,887 | INFO | Processing Match 5207139 | Nantong Zhiyun FC vs Meizhou Hakka
2026-06-28 16:05:28,210 | INFO | Successfully Loaded Match 5207139
2026-06-28 16:05:28,212 | INFO | Processing Match 5207140 | Shijiazhuang Gongfu vs Nanjing City FC
2026-06-28 16:05:29,617 | INFO | Successfully Loaded Match 5207140
2026-06-28 16:05:29,618 | INFO | Skipping Match 5207141 (Already Loaded)
2026-06-28 16:05:29,619 | INFO | Successfully Loaded Match 5207141
2026-06-28 16:05:29,620 | INFO | Processing Match 5671599 | AGF vs Viborg
2026-06-28 16:05:31,342 | WARNING | INT-2 not found in FIFA
2026-06-28 16:05:31,373 | INFO | Successfully Loaded Match 5671599
2026-06-28 16:05:31,374 | INFO | Processing Match 5769426 | Rapid Wien vs Floridsdorfer AC
2026-06-28 16:05:32,822 | WARNING | INT-2 not found in FIFA
2026-06-28 16:05:32,838 | INFO | Successfully Loaded Match 5769426
2026-06-28 16:05:32,839 | INFO | Processing Match 5688251 | FC Kďż˝benhavn vs Mjďż˝llby
2026-06-28 16:05:34,278 | WARNING | INT-2 not found in FIFA
2026-06-28 16:05:34,297 | INFO | Successfully Loaded Match 5688251
2026-06-28 16:05:34,299 | INFO | Processing Match 5747544 | Nordsjďż˝lland vs AC Horsens
2026-06-28 16:05:36,071 | WARNING | INT-2 not found in FIFA
2026-06-28 16:05:36,140 | INFO | Successfully Loaded Match 5747544
2026-06-28 16:05:36,141 | INFO | Skipping Match 5763564 (Already Loaded)
2026-06-28 16:05:36,142 | INFO | Successfully Loaded Match 5763564
2026-06-28 16:05:36,143 | INFO | Processing Match 5496017 | Deportes Limache vs Deportes Iquique
2026-06-28 16:05:38,349 | INFO | Successfully Loaded Match 5496017
2026-06-28 16:05:38,350 | INFO | Processing Match 5497954 | San Marcos vs Coquimbo Unido
2026-06-28 16:05:39,884 | INFO | Successfully Loaded Match 5497954
2026-06-28 16:05:39,885 | INFO | Processing Match 5496029 | Universidad Catolica vs San Luis
2026-06-28 16:05:41,704 | INFO | Successfully Loaded Match 5496029
2026-06-28 16:05:41,706 | INFO | Processing Match 5496083 | Deportes Santa Cruz vs Palestino
2026-06-28 16:05:43,185 | INFO | Successfully Loaded Match 5496083
2026-06-28 16:05:43,186 | INFO | Processing Match 5496084 | Audax Italiano vs Magallanes
2026-06-28 16:05:44,644 | INFO | Successfully Loaded Match 5496084
2026-06-28 16:05:44,646 | INFO | Processing Match 5107869 | Malmďż˝ FF (W) vs Kristianstads DFF (W)
2026-06-28 16:05:46,517 | INFO | Successfully Loaded Match 5107869
2026-06-28 16:05:46,520 | INFO | Processing Match 5127522 | FC Stockholm vs Enkďż˝ping
2026-06-28 16:05:48,396 | INFO | Successfully Loaded Match 5127522
2026-06-28 16:05:48,399 | INFO | Processing Match 5127519 | Gefle vs IFK Stocksund
2026-06-28 16:05:49,807 | INFO | Successfully Loaded Match 5127519
2026-06-28 16:05:49,808 | INFO | Processing Match 5127518 | FC Arlanda vs IF Karlstad
2026-06-28 16:05:51,417 | INFO | Successfully Loaded Match 5127518
2026-06-28 16:05:51,419 | INFO | Processing Match 5127866 | Trollhďż˝ttan FC vs ďż˝ngelholms FF
2026-06-28 16:05:53,111 | INFO | Successfully Loaded Match 5127866
2026-06-28 16:05:53,112 | INFO | Processing Match 5127869 | Laholms FK vs Utsiktens BK
2026-06-28 16:05:54,811 | INFO | Successfully Loaded Match 5127869
2026-06-28 16:05:54,812 | INFO | Processing Match 5127871 | ďż˝tvidaberg vs FC Rosengďż˝rd
2026-06-28 16:05:57,212 | INFO | Successfully Loaded Match 5127871
2026-06-28 16:05:57,213 | INFO | Processing Match 5127864 | AFC Malmoe vs Jďż˝nkďż˝ping S.
2026-06-28 16:06:00,681 | INFO | Successfully Loaded Match 5127864
2026-06-28 16:06:00,683 | INFO | Processing Match 5127870 | Lunds BK vs Skďż˝vde AIK
2026-06-28 16:06:03,676 | INFO | Successfully Loaded Match 5127870
2026-06-28 16:06:03,678 | INFO | Skipping Match 5127865 (Already Loaded)
2026-06-28 16:06:03,678 | INFO | Successfully Loaded Match 5127865
2026-06-28 16:06:03,679 | INFO | Processing Match 5238323 | Sportivo Las Parejas vs Defensores de Belgrano de Villa Ramallo
2026-06-28 16:06:07,137 | INFO | Successfully Loaded Match 5238323
2026-06-28 16:06:07,140 | INFO | Processing Match 5238474 | Fundacion Amigos vs Club Cipolletti
2026-06-28 16:06:08,693 | INFO | Successfully Loaded Match 5238474
2026-06-28 16:06:08,694 | INFO | Processing Match 5238471 | Argentino Monte Maiz vs Juventud Unida Universitario
2026-06-28 16:06:11,539 | INFO | Successfully Loaded Match 5238471
2026-06-28 16:06:11,541 | INFO | Processing Match 5238473 | Deportivo Rincon vs Sportivo Atenas
2026-06-28 16:06:14,222 | INFO | Successfully Loaded Match 5238473
2026-06-28 16:06:14,224 | INFO | Processing Match 5201091 | Changwon City vs Yeoju FC
2026-06-28 16:06:17,259 | INFO | Successfully Loaded Match 5201091
2026-06-28 16:06:17,260 | INFO | Processing Match 5201092 | Siheung Citizen vs Jeonbuk Hyundai Motors FC Reserves
2026-06-28 16:06:20,241 | INFO | Successfully Loaded Match 5201092
2026-06-28 16:06:20,242 | INFO | Processing Match 5201093 | Chuncheon FC vs Yangpyeong
2026-06-28 16:06:22,525 | INFO | Successfully Loaded Match 5201093
2026-06-28 16:06:22,526 | INFO | Processing Match 5201094 | Ulsan Citizen vs FC Mokpo
2026-06-28 16:06:23,890 | INFO | Successfully Loaded Match 5201094
2026-06-28 16:06:23,892 | INFO | Skipping Match 5201096 (Already Loaded)
2026-06-28 16:06:23,892 | INFO | Successfully Loaded Match 5201096
2026-06-28 16:06:23,893 | INFO | Skipping Match 5201097 (Already Loaded)
2026-06-28 16:06:23,894 | INFO | Successfully Loaded Match 5201097
2026-06-28 16:06:23,895 | INFO | Skipping Match 5201095 (Already Loaded)
2026-06-28 16:06:23,895 | INFO | Successfully Loaded Match 5201095
2026-06-28 16:06:23,896 | INFO | Processing Match 5234908 | IF Gnistan (W) vs PK-35 Vantaa (W)
2026-06-28 16:06:26,879 | INFO | Successfully Loaded Match 5234908
2026-06-28 16:06:26,880 | INFO | Processing Match 5234909 | KuPS (W) vs VIFK (W)
2026-06-28 16:06:31,219 | INFO | Successfully Loaded Match 5234909
2026-06-28 16:06:31,221 | INFO | Processing Match 5234910 | Ilves (W) vs HJK (W)
2026-06-28 16:06:34,085 | INFO | Successfully Loaded Match 5234910
2026-06-28 16:06:34,086 | INFO | Processing Match 5671868 | Viking (W) vs Brann (W)
2026-06-28 16:06:41,391 | INFO | Successfully Loaded Match 5671868
2026-06-28 16:06:41,393 | INFO | Processing Match 5144149 | Sogndal 2 vs Stord
2026-06-28 16:06:45,196 | INFO | Successfully Loaded Match 5144149
2026-06-28 16:06:45,197 | INFO | Processing Match 5144148 | Brann 2 vs Fana
2026-06-28 16:06:50,595 | INFO | Successfully Loaded Match 5144148
2026-06-28 16:06:50,597 | INFO | Processing Match 5144150 | Djerv 1919 vs Gneist
2026-06-28 16:06:59,472 | INFO | Successfully Loaded Match 5144150
2026-06-28 16:06:59,474 | INFO | Processing Match 5144152 | Askďż˝y vs Fďż˝rde
2026-06-28 16:07:06,031 | INFO | Successfully Loaded Match 5144152
2026-06-28 16:07:06,033 | INFO | Processing Match 5144510 | Fauske/Sprint vs Flďż˝ya
2026-06-28 16:07:11,099 | INFO | Successfully Loaded Match 5144510
2026-06-28 16:07:11,101 | INFO | Processing Match 5144512 | Bossekop vs Kongsvinger 2
2026-06-28 16:07:14,495 | INFO | Successfully Loaded Match 5144512
2026-06-28 16:07:14,497 | INFO | Processing Match 5144513 | Ulfstind vs Harstad
2026-06-28 16:07:18,841 | INFO | Successfully Loaded Match 5144513
2026-06-28 16:07:18,843 | INFO | Skipping Match 5144514 (Already Loaded)
2026-06-28 16:07:18,843 | INFO | Successfully Loaded Match 5144514
2026-06-28 16:07:18,844 | INFO | Skipping Match 5144515 (Already Loaded)
2026-06-28 16:07:18,845 | INFO | Successfully Loaded Match 5144515
2026-06-28 16:07:18,846 | INFO | Processing Match 5143784 | Grei vs Nordstrand
2026-06-28 16:07:25,056 | INFO | Successfully Loaded Match 5143784
2026-06-28 16:07:25,057 | INFO | Processing Match 5143785 | Asker vs Ullern
2026-06-28 16:07:28,411 | INFO | Successfully Loaded Match 5143785
2026-06-28 16:07:28,413 | INFO | Processing Match 5143786 | Frigg vs Bďż˝rum
2026-06-28 16:07:31,274 | INFO | Successfully Loaded Match 5143786
2026-06-28 16:07:31,276 | INFO | Processing Match 5143964 | Kvik vs Volda
2026-06-28 16:07:34,759 | INFO | Successfully Loaded Match 5143964
2026-06-28 16:07:34,761 | INFO | Processing Match 5143966 | Herd vs NTNUI
2026-06-28 16:07:37,617 | INFO | Successfully Loaded Match 5143966
2026-06-28 16:07:37,618 | INFO | Processing Match 5143968 | Orkla vs Molde 2
2026-06-28 16:07:39,607 | INFO | Successfully Loaded Match 5143968
2026-06-28 16:07:39,609 | INFO | Processing Match 5143965 | Ranheim 2 vs Nardo
2026-06-28 16:07:42,323 | INFO | Successfully Loaded Match 5143965
2026-06-28 16:07:42,325 | INFO | Processing Match 5143967 | Rosenborg 2 vs Spjelkavik
2026-06-28 16:07:44,661 | INFO | Successfully Loaded Match 5143967
2026-06-28 16:07:44,662 | INFO | Processing Match 5143969 | Byďż˝sen vs Aalesund 2
2026-06-28 16:07:46,553 | INFO | Successfully Loaded Match 5143969
2026-06-28 16:07:46,554 | INFO | Processing Match 5144708 | Lillehammer FK vs Elverum
2026-06-28 16:07:48,696 | INFO | Successfully Loaded Match 5144708
2026-06-28 16:07:48,698 | INFO | Processing Match 5144704 | ďż˝rn Horten vs Sandefjord 2
2026-06-28 16:07:51,328 | INFO | Successfully Loaded Match 5144704
2026-06-28 16:07:51,329 | INFO | Processing Match 5144706 | Oppsal vs Rďż˝lingen
2026-06-28 16:07:53,517 | INFO | Successfully Loaded Match 5144706
2026-06-28 16:07:53,518 | INFO | Processing Match 5144707 | Fram Larvik vs Drďż˝bak/Frogn
2026-06-28 16:07:54,953 | INFO | Successfully Loaded Match 5144707
2026-06-28 16:07:54,954 | INFO | Processing Match 5144331 | Madla vs Mandalskameratene
2026-06-28 16:07:57,416 | INFO | Successfully Loaded Match 5144331
2026-06-28 16:07:57,417 | INFO | Processing Match 5100925 | Sligo Rovers vs Shelbourne
2026-06-28 16:07:59,697 | INFO | Successfully Loaded Match 5100925
2026-06-28 16:07:59,699 | INFO | Processing Match 5215452 | Torpedo Zhodino vs BATE Borisov
2026-06-28 16:08:06,709 | INFO | Successfully Loaded Match 5215452
2026-06-28 16:08:06,712 | INFO | Processing Match 5215451 | Maxline Vitebsk vs Naftan Novopolotsk
2026-06-28 16:08:12,721 | INFO | Successfully Loaded Match 5215451
2026-06-28 16:08:12,724 | INFO | Processing Match 5215449 | Dynamo Brest vs FC Minsk
2026-06-28 16:08:16,066 | INFO | Successfully Loaded Match 5215449
2026-06-28 16:08:16,067 | INFO | Processing Match 5215447 | Dinamo Minsk vs FK Vitebsk
2026-06-28 16:08:18,171 | INFO | Successfully Loaded Match 5215447
2026-06-28 16:08:18,173 | INFO | Processing Match 5204167 | Okzhetpes Kokshetau vs Kairat Almaty
2026-06-28 16:08:19,746 | INFO | Successfully Loaded Match 5204167
2026-06-28 16:08:19,747 | INFO | Processing Match 5204160 | Zhetysu Taldykorgan vs Aktobe
2026-06-28 16:08:22,773 | INFO | Successfully Loaded Match 5204160
2026-06-28 16:08:22,775 | INFO | Processing Match 5204158 | FC Yelimay vs FC Kyzylzhar Petropavlovsk
2026-06-28 16:08:28,264 | INFO | Successfully Loaded Match 5204158
2026-06-28 16:08:28,266 | INFO | Processing Match 5204155 | Kaspiy Aktau vs Atyrau
2026-06-28 16:08:31,320 | INFO | Successfully Loaded Match 5204155
2026-06-28 16:08:31,321 | INFO | Processing Match 4951120 | Coastal Union vs Azam FC
2026-06-28 16:08:33,776 | INFO | Successfully Loaded Match 4951120
2026-06-28 16:08:33,777 | INFO | Processing Match 4951121 | Dodoma Jiji FC vs Mbeya City
2026-06-28 16:08:35,574 | INFO | Successfully Loaded Match 4951121
2026-06-28 16:08:35,575 | INFO | Processing Match 4951122 | Mashujaa vs Kinondoni MC
2026-06-28 16:08:37,887 | INFO | Successfully Loaded Match 4951122
2026-06-28 16:08:37,888 | INFO | Processing Match 4951123 | Namungo FC vs Fountain Gate FC
2026-06-28 16:08:40,666 | INFO | Successfully Loaded Match 4951123
2026-06-28 16:08:40,667 | INFO | Processing Match 4951124 | Pamba Jiji vs JKT Tanzania
2026-06-28 16:08:43,419 | INFO | Successfully Loaded Match 4951124
2026-06-28 16:08:43,420 | INFO | Processing Match 4951125 | Simba SC vs Singida Black Stars
2026-06-28 16:08:46,152 | INFO | Successfully Loaded Match 4951125
2026-06-28 16:08:46,154 | INFO | Processing Match 4951126 | Tanzania Prisons vs Mtibwa Sugar
2026-06-28 16:08:49,105 | INFO | Successfully Loaded Match 4951126
2026-06-28 16:08:49,107 | INFO | Processing Match 4951127 | Young Africans vs TRA United
2026-06-28 16:08:51,857 | INFO | Successfully Loaded Match 4951127
2026-06-28 16:08:51,860 | INFO | Processing Match 5113910 | Real Pilar vs San Martin Burzaco
2026-06-28 16:08:54,003 | INFO | Successfully Loaded Match 5113910
2026-06-28 16:08:54,005 | INFO | Processing Match 5113913 | Villa Dalmine vs CASD Camioneros
2026-06-28 16:08:56,593 | INFO | Successfully Loaded Match 5113913
2026-06-28 16:08:56,595 | INFO | Processing Match 5113905 | Brown de Adrogue vs Flandria
2026-06-28 16:08:58,767 | INFO | Successfully Loaded Match 5113905
2026-06-28 16:08:58,769 | INFO | Processing Match 5113911 | CA Talleres Remedios de Escalada vs CA Defensores Unidos
2026-06-28 16:09:01,095 | INFO | Successfully Loaded Match 5113911
2026-06-28 16:09:01,097 | INFO | Processing Match 5113907 | Excursionistas vs Deportivo Merlo
2026-06-28 16:09:02,490 | INFO | Successfully Loaded Match 5113907
2026-06-28 16:09:02,492 | INFO | Processing Match 5113906 | Deportivo Armenio vs Ituzaingo
2026-06-28 16:09:04,819 | INFO | Successfully Loaded Match 5113906
2026-06-28 16:09:04,821 | INFO | Processing Match 5791028 | Atenas vs Tacuarembo FC
2026-06-28 16:09:07,991 | INFO | Successfully Loaded Match 5791028
2026-06-28 16:09:07,992 | INFO | Processing Match 5791029 | Uruguay Montevideo vs Fenix
2026-06-28 16:09:10,918 | INFO | Successfully Loaded Match 5791029
2026-06-28 16:09:10,920 | INFO | Processing Match 5791030 | Huracan FC vs Rentistas
2026-06-28 16:09:13,701 | INFO | Successfully Loaded Match 5791030
2026-06-28 16:09:13,702 | INFO | Processing Match 5791031 | Paysandu vs Miramar Misiones
2026-06-28 16:09:16,302 | INFO | Successfully Loaded Match 5791031
2026-06-28 16:09:16,304 | INFO | Processing Match 5186526 | Liaoning Tieren vs Shandong Taishan
2026-06-28 16:09:18,718 | INFO | Successfully Loaded Match 5186526
2026-06-28 16:09:18,720 | INFO | Processing Match 5186527 | Henan FC vs Shanghai Port
2026-06-28 16:09:21,184 | INFO | Successfully Loaded Match 5186527
2026-06-28 16:09:21,185 | INFO | Processing Match 5186528 | Shenzhen Peng City vs Chengdu Rongcheng FC
2026-06-28 16:09:23,362 | INFO | Successfully Loaded Match 5186528
2026-06-28 16:09:23,364 | INFO | Processing Match 5186529 | Beijing Guoan vs Wuhan Three Towns
2026-06-28 16:09:27,637 | INFO | Successfully Loaded Match 5186529
2026-06-28 16:09:27,639 | INFO | Processing Match 5186530 | Chongqing Tongliang Long vs Tianjin Jinmen Tiger
2026-06-28 16:09:30,122 | INFO | Successfully Loaded Match 5186530
2026-06-28 16:09:30,124 | INFO | Skipping Match 5186531 (Already Loaded)
2026-06-28 16:09:30,124 | INFO | Successfully Loaded Match 5186531
2026-06-28 16:09:30,125 | INFO | Skipping Match 5186532 (Already Loaded)
2026-06-28 16:09:30,126 | INFO | Successfully Loaded Match 5186532
2026-06-28 16:09:30,127 | INFO | Processing Match 5774039 | FC Balti vs Politehnica UTM
2026-06-28 16:09:32,989 | INFO | Successfully Loaded Match 5774039
2026-06-28 16:09:32,991 | INFO | Processing Match 5774040 | FC Milsami Orhei vs Zimbru
2026-06-28 16:09:34,999 | INFO | Successfully Loaded Match 5774040
2026-06-28 16:09:35,000 | INFO | Processing Match 5125551 | Ljungskile vs ďż˝rebro
2026-06-28 16:09:37,620 | INFO | Successfully Loaded Match 5125551
2026-06-28 16:09:37,621 | INFO | Processing Match 5125556 | Varbergs BoIS FC vs ďż˝sters IF
2026-06-28 16:09:40,248 | INFO | Successfully Loaded Match 5125556
2026-06-28 16:09:40,250 | INFO | Processing Match 5125555 | GIF Sundsvall vs ďż˝stersunds FK
2026-06-28 16:09:43,334 | INFO | Successfully Loaded Match 5125555
2026-06-28 16:09:43,336 | INFO | Processing Match 5125552 | Nordic United FC vs IK Oddevold
2026-06-28 16:09:45,807 | INFO | Successfully Loaded Match 5125552
2026-06-28 16:09:45,808 | INFO | Processing Match 5147583 | Ilves vs SJK
2026-06-28 16:09:48,483 | INFO | Successfully Loaded Match 5147583
2026-06-28 16:09:48,485 | INFO | Processing Match 5147584 | HJK vs KuPS
2026-06-28 16:09:51,374 | INFO | Successfully Loaded Match 5147584
2026-06-28 16:09:51,376 | INFO | Processing Match 5147585 | IFK Mariehamn vs FC Inter Turku
2026-06-28 16:09:55,055 | INFO | Successfully Loaded Match 5147585
2026-06-28 16:09:55,058 | INFO | Processing Match 5147586 | IF Gnistan vs VPS
2026-06-28 16:10:01,002 | INFO | Successfully Loaded Match 5147586
2026-06-28 16:10:01,004 | INFO | Processing Match 5147587 | TPS vs FF Jaro
2026-06-28 16:10:06,169 | INFO | Successfully Loaded Match 5147587
2026-06-28 16:10:06,171 | INFO | Processing Match 5147588 | AC Oulu vs FC Lahti
2026-06-28 16:10:10,554 | INFO | Successfully Loaded Match 5147588
2026-06-28 16:10:10,561 | INFO | Processing Match 5101050 | Shamrock Rovers (W) vs Wexford (W)
2026-06-28 16:10:14,241 | INFO | Successfully Loaded Match 5101050
2026-06-28 16:10:14,241 | INFO | Skipping Match 5101046 (Already Loaded)
2026-06-28 16:10:14,242 | INFO | Successfully Loaded Match 5101046
2026-06-28 16:10:14,243 | INFO | Processing Match 5101048 | Waterford (W) vs Cork City (W)
2026-06-28 16:10:19,298 | INFO | Successfully Loaded Match 5101048
2026-06-28 16:10:19,298 | INFO | Skipping Match 5101049 (Already Loaded)
2026-06-28 16:10:19,299 | INFO | Successfully Loaded Match 5101049
2026-06-28 16:10:19,299 | INFO | Skipping Match 5101051 (Already Loaded)
2026-06-28 16:10:19,299 | INFO | Successfully Loaded Match 5101051
2026-06-28 16:10:19,300 | INFO | Processing Match 5101047 | Treaty United (W) vs Sligo Rovers (W)
2026-06-28 16:10:22,249 | INFO | Successfully Loaded Match 5101047
2026-06-28 16:10:22,251 | INFO | Processing Match 5163991 | RoPS vs SalPa
2026-06-28 16:10:25,129 | INFO | Successfully Loaded Match 5163991
2026-06-28 16:10:25,132 | INFO | Processing Match 5163713 | Haka vs FC KTP
2026-06-28 16:10:28,268 | INFO | Successfully Loaded Match 5163713
2026-06-28 16:10:28,270 | INFO | Processing Match 5163714 | JIPPO vs EIF
2026-06-28 16:10:31,357 | INFO | Successfully Loaded Match 5163714
2026-06-28 16:10:31,358 | INFO | Processing Match 1000007610 | Portland Timbers 2 vs San Jose Earthquakes II
2026-06-28 16:10:34,418 | INFO | Successfully Loaded Match 1000007610
2026-06-28 16:10:34,419 | INFO | Processing Match 1000007612 | Chattanooga FC vs Chicago Fire FC II
2026-06-28 16:10:37,678 | INFO | Successfully Loaded Match 1000007612
2026-06-28 16:10:37,680 | INFO | Processing Match 1000007611 | Atlanta United 2 vs Crown Legacy FC
2026-06-28 16:10:40,337 | INFO | Successfully Loaded Match 1000007611
2026-06-28 16:10:40,338 | INFO | Processing Match 1000007614 | Colorado Rapids 2 vs Vancouver Whitecaps 2
2026-06-28 16:10:42,540 | INFO | Successfully Loaded Match 1000007614
2026-06-28 16:10:42,542 | INFO | Processing Match 1000007613 | Ventura County FC vs Real Monarchs SLC
2026-06-28 16:10:45,455 | INFO | Successfully Loaded Match 1000007613
2026-06-28 16:10:45,456 | INFO | Processing Match 1000009182 | Calgary Wild FC vs Halifax Tides FC
2026-06-28 16:10:47,297 | INFO | Successfully Loaded Match 1000009182
2026-06-28 16:10:47,298 | INFO | Processing Match 5190582 | Operario Ferroviario vs America MG
2026-06-28 16:10:49,641 | INFO | Successfully Loaded Match 5190582
2026-06-28 16:10:49,642 | INFO | Processing Match 5190585 | Criciuma vs Sao Bernardo
2026-06-28 16:10:52,326 | INFO | Successfully Loaded Match 5190585
2026-06-28 16:10:52,327 | INFO | Processing Match 1000009451 | Inter de Limeira vs Maringa FC
2026-06-28 16:10:59,452 | INFO | Successfully Loaded Match 1000009451
2026-06-28 16:10:59,454 | INFO | Processing Match 1000009455 | Floresta vs Barra FC
2026-06-28 16:11:06,231 | INFO | Successfully Loaded Match 1000009455
2026-06-28 16:11:06,236 | INFO | Processing Match 1000009459 | Paysandu vs Santa Cruz
2026-06-28 16:11:09,236 | INFO | Successfully Loaded Match 1000009459
2026-06-28 16:11:09,238 | INFO | Processing Match 1000009454 | AO Itabaiana vs Ferroviaria
2026-06-28 16:11:12,066 | INFO | Successfully Loaded Match 1000009454
2026-06-28 16:11:12,069 | INFO | Processing Match 1000015002 | Blumenau Esporte Clube vs Sao Luiz
2026-06-28 16:11:16,577 | INFO | Successfully Loaded Match 1000015002
2026-06-28 16:11:16,579 | INFO | Processing Match 1000015026 | Santa Catarina vs EC Sao Jose
2026-06-28 16:11:20,303 | INFO | Successfully Loaded Match 1000015026
2026-06-28 16:11:20,305 | INFO | Processing Match 1000015240 | Betim EC vs Vitoria ES
2026-06-28 16:11:23,391 | INFO | Successfully Loaded Match 1000015240
2026-06-28 16:11:23,392 | INFO | Processing Match 1000015012 | Maracana EC vs Imperatriz
2026-06-28 16:11:26,650 | INFO | Successfully Loaded Match 1000015012
2026-06-28 16:11:26,652 | INFO | Processing Match 1000015016 | Trem DC vs Sampaio Correa
2026-06-28 16:11:29,761 | INFO | Successfully Loaded Match 1000015016
2026-06-28 16:11:29,763 | INFO | Processing Match 1000015218 | Piaui vs Maguary
2026-06-28 16:11:32,406 | INFO | Successfully Loaded Match 1000015218
2026-06-28 16:11:32,408 | INFO | Processing Match 1000014998 | Portuguesa vs Sampaio Correa RJ
2026-06-28 16:11:35,041 | INFO | Successfully Loaded Match 1000014998
2026-06-28 16:11:35,043 | INFO | Processing Match 1000015004 | Agua Santa vs Velo Clube
2026-06-28 16:11:39,564 | INFO | Successfully Loaded Match 1000015004
2026-06-28 16:11:39,566 | INFO | Processing Match 1000015024 | Iguatu vs Tuna Luso
2026-06-28 16:11:42,857 | INFO | Successfully Loaded Match 1000015024
2026-06-28 16:11:42,858 | INFO | Processing Match 1000015228 | CS Alagoano vs Lagarto FC
2026-06-28 16:11:46,457 | INFO | Successfully Loaded Match 1000015228
2026-06-28 16:11:46,458 | INFO | Processing Match 1000015232 | Sergipe vs ASA
2026-06-28 16:11:48,632 | INFO | Successfully Loaded Match 1000015232
2026-06-28 16:11:48,634 | INFO | Processing Match 1000015238 | Uberlandia vs Rio Branco ES
2026-06-28 16:11:51,772 | INFO | Successfully Loaded Match 1000015238
2026-06-28 16:11:51,773 | INFO | Processing Match 1000015020 | Aguia de Maraba vs Parnahyba
2026-06-28 16:11:54,573 | INFO | Successfully Loaded Match 1000015020
2026-06-28 16:11:54,574 | INFO | Processing Match 1000015022 | Capital FC vs Aparecidense
2026-06-28 16:11:58,669 | INFO | Successfully Loaded Match 1000015022
2026-06-28 16:11:58,670 | INFO | Processing Match 1000015226 | Tombense FC vs CRAC
2026-06-28 16:12:01,332 | INFO | Successfully Loaded Match 1000015226
2026-06-28 16:12:01,334 | INFO | Processing Match 1000015006 | XV de Piracicaba vs America RJ
2026-06-28 16:12:04,951 | INFO | Successfully Loaded Match 1000015006
2026-06-28 16:12:04,953 | INFO | Processing Match 1000015222 | America RN vs Fluminense PI
2026-06-28 16:12:07,597 | INFO | Successfully Loaded Match 1000015222
2026-06-28 16:12:07,599 | INFO | Processing Match 1000015010 | Goiatuba SC vs Brasiliense
2026-06-28 16:12:09,642 | INFO | Successfully Loaded Match 1000015010
2026-06-28 16:12:09,643 | INFO | Processing Match 1000015014 | Gama vs Mixto
2026-06-28 16:12:11,826 | INFO | Successfully Loaded Match 1000015014
2026-06-28 16:12:11,826 | INFO | Daily Match Loader Completed
2026-06-28 16:12:11,826 | INFO | ============================================================
2026-06-28 16:26:38,881 | INFO | ============================================================
2026-06-28 16:26:38,882 | INFO | Starting Daily Match Loader
2026-06-28 16:26:38,883 | INFO | Target Date : 20260627
2026-06-28 16:26:40,914 | INFO | Found 191 matches
2026-06-28 16:26:41,137 | INFO | Skipping Match 4667830 (Already Loaded)
2026-06-28 16:26:41,137 | INFO | Successfully Loaded Match 4667830
2026-06-28 16:26:41,138 | INFO | Skipping Match 4667829 (Already Loaded)
2026-06-28 16:26:41,139 | INFO | Successfully Loaded Match 4667829
2026-06-28 16:26:41,142 | INFO | Skipping Match 4667823 (Already Loaded)
2026-06-28 16:26:41,143 | INFO | Successfully Loaded Match 4667823
2026-06-28 16:26:41,145 | INFO | Skipping Match 4667824 (Already Loaded)
2026-06-28 16:26:41,145 | INFO | Successfully Loaded Match 4667824
2026-06-28 16:26:41,147 | INFO | Skipping Match 4667817 (Already Loaded)
2026-06-28 16:26:41,147 | INFO | Successfully Loaded Match 4667817
2026-06-28 16:26:41,148 | INFO | Skipping Match 4667816 (Already Loaded)
2026-06-28 16:26:41,148 | INFO | Successfully Loaded Match 4667816
2026-06-28 16:26:41,150 | INFO | Skipping Match 5225798 (Already Loaded)
2026-06-28 16:26:41,150 | INFO | Successfully Loaded Match 5225798
2026-06-28 16:26:41,151 | INFO | Skipping Match 5225799 (Already Loaded)
2026-06-28 16:26:41,151 | INFO | Successfully Loaded Match 5225799
2026-06-28 16:26:41,152 | INFO | Skipping Match 5189987 (Already Loaded)
2026-06-28 16:26:41,153 | INFO | Successfully Loaded Match 5189987
2026-06-28 16:26:41,154 | INFO | Skipping Match 5189988 (Already Loaded)
2026-06-28 16:26:41,154 | INFO | Successfully Loaded Match 5189988
2026-06-28 16:26:41,155 | INFO | Skipping Match 5105185 (Already Loaded)
2026-06-28 16:26:41,155 | INFO | Successfully Loaded Match 5105185
2026-06-28 16:26:41,158 | INFO | Skipping Match 5105178 (Already Loaded)
2026-06-28 16:26:41,159 | INFO | Successfully Loaded Match 5105178
2026-06-28 16:26:41,161 | INFO | Skipping Match 5105179 (Already Loaded)
2026-06-28 16:26:41,162 | INFO | Successfully Loaded Match 5105179
2026-06-28 16:26:41,163 | INFO | Skipping Match 5105180 (Already Loaded)
2026-06-28 16:26:41,164 | INFO | Successfully Loaded Match 5105180
2026-06-28 16:26:41,165 | INFO | Skipping Match 5105182 (Already Loaded)
2026-06-28 16:26:41,165 | INFO | Successfully Loaded Match 5105182
2026-06-28 16:26:41,166 | INFO | Skipping Match 5105183 (Already Loaded)
2026-06-28 16:26:41,166 | INFO | Successfully Loaded Match 5105183
2026-06-28 16:26:41,167 | INFO | Skipping Match 5105184 (Already Loaded)
2026-06-28 16:26:41,167 | INFO | Successfully Loaded Match 5105184
2026-06-28 16:26:41,168 | INFO | Skipping Match 5105181 (Already Loaded)
2026-06-28 16:26:41,168 | INFO | Successfully Loaded Match 5105181
2026-06-28 16:26:41,169 | INFO | Skipping Match 5225921 (Already Loaded)
2026-06-28 16:26:41,169 | INFO | Successfully Loaded Match 5225921
2026-06-28 16:26:41,170 | INFO | Skipping Match 5225922 (Already Loaded)
2026-06-28 16:26:41,170 | INFO | Successfully Loaded Match 5225922
2026-06-28 16:26:41,171 | INFO | Skipping Match 5225923 (Already Loaded)
2026-06-28 16:26:41,171 | INFO | Successfully Loaded Match 5225923
2026-06-28 16:26:41,172 | INFO | Skipping Match 5225924 (Already Loaded)
2026-06-28 16:26:41,172 | INFO | Successfully Loaded Match 5225924
2026-06-28 16:26:41,173 | INFO | Skipping Match 5143323 (Already Loaded)
2026-06-28 16:26:41,173 | INFO | Successfully Loaded Match 5143323
2026-06-28 16:26:41,176 | INFO | Skipping Match 5143324 (Already Loaded)
2026-06-28 16:26:41,176 | INFO | Successfully Loaded Match 5143324
2026-06-28 16:26:41,178 | INFO | Skipping Match 5143325 (Already Loaded)
2026-06-28 16:26:41,178 | INFO | Successfully Loaded Match 5143325
2026-06-28 16:26:41,179 | INFO | Skipping Match 5143326 (Already Loaded)
2026-06-28 16:26:41,179 | INFO | Successfully Loaded Match 5143326
2026-06-28 16:26:41,180 | INFO | Skipping Match 5143328 (Already Loaded)
2026-06-28 16:26:41,180 | INFO | Successfully Loaded Match 5143328
2026-06-28 16:26:41,181 | INFO | Skipping Match 5143327 (Already Loaded)
2026-06-28 16:26:41,181 | INFO | Successfully Loaded Match 5143327
2026-06-28 16:26:41,182 | INFO | Skipping Match 5143540 (Already Loaded)
2026-06-28 16:26:41,182 | INFO | Successfully Loaded Match 5143540
2026-06-28 16:26:41,183 | INFO | Skipping Match 5143541 (Already Loaded)
2026-06-28 16:26:41,183 | INFO | Successfully Loaded Match 5143541
2026-06-28 16:26:41,184 | INFO | Skipping Match 5143542 (Already Loaded)
2026-06-28 16:26:41,185 | INFO | Successfully Loaded Match 5143542
2026-06-28 16:26:41,185 | INFO | Skipping Match 5774390 (Already Loaded)
2026-06-28 16:26:41,185 | INFO | Successfully Loaded Match 5774390
2026-06-28 16:26:41,186 | INFO | Skipping Match 5774389 (Already Loaded)
2026-06-28 16:26:41,187 | INFO | Successfully Loaded Match 5774389
2026-06-28 16:26:41,188 | INFO | Skipping Match 5774383 (Already Loaded)
2026-06-28 16:26:41,188 | INFO | Successfully Loaded Match 5774383
2026-06-28 16:26:41,189 | INFO | Skipping Match 5774384 (Already Loaded)
2026-06-28 16:26:41,189 | INFO | Successfully Loaded Match 5774384
2026-06-28 16:26:41,190 | INFO | Skipping Match 5774385 (Already Loaded)
2026-06-28 16:26:41,190 | INFO | Successfully Loaded Match 5774385
2026-06-28 16:26:41,193 | INFO | Skipping Match 5774386 (Already Loaded)
2026-06-28 16:26:41,193 | INFO | Successfully Loaded Match 5774386
2026-06-28 16:26:41,194 | INFO | Skipping Match 5774387 (Already Loaded)
2026-06-28 16:26:41,195 | INFO | Successfully Loaded Match 5774387
2026-06-28 16:26:41,195 | INFO | Skipping Match 5774388 (Already Loaded)
2026-06-28 16:26:41,196 | INFO | Successfully Loaded Match 5774388
2026-06-28 16:26:41,196 | INFO | Skipping Match 5774391 (Already Loaded)
2026-06-28 16:26:41,197 | INFO | Successfully Loaded Match 5774391
2026-06-28 16:26:41,197 | INFO | Skipping Match 5207135 (Already Loaded)
2026-06-28 16:26:41,197 | INFO | Successfully Loaded Match 5207135
2026-06-28 16:26:41,198 | INFO | Skipping Match 5207136 (Already Loaded)
2026-06-28 16:26:41,198 | INFO | Successfully Loaded Match 5207136
2026-06-28 16:26:41,199 | INFO | Skipping Match 5207137 (Already Loaded)
2026-06-28 16:26:41,199 | INFO | Successfully Loaded Match 5207137
2026-06-28 16:26:41,200 | INFO | Skipping Match 5207138 (Already Loaded)
2026-06-28 16:26:41,200 | INFO | Successfully Loaded Match 5207138
2026-06-28 16:26:41,201 | INFO | Skipping Match 5207139 (Already Loaded)
2026-06-28 16:26:41,201 | INFO | Successfully Loaded Match 5207139
2026-06-28 16:26:41,202 | INFO | Skipping Match 5207140 (Already Loaded)
2026-06-28 16:26:41,202 | INFO | Successfully Loaded Match 5207140
2026-06-28 16:26:41,203 | INFO | Skipping Match 5207141 (Already Loaded)
2026-06-28 16:26:41,203 | INFO | Successfully Loaded Match 5207141
2026-06-28 16:26:41,204 | INFO | Skipping Match 5671599 (Already Loaded)
2026-06-28 16:26:41,204 | INFO | Successfully Loaded Match 5671599
2026-06-28 16:26:41,205 | INFO | Skipping Match 5769426 (Already Loaded)
2026-06-28 16:26:41,205 | INFO | Successfully Loaded Match 5769426
2026-06-28 16:26:41,206 | INFO | Skipping Match 5688251 (Already Loaded)
2026-06-28 16:26:41,206 | INFO | Successfully Loaded Match 5688251
2026-06-28 16:26:41,207 | INFO | Skipping Match 5747544 (Already Loaded)
2026-06-28 16:26:41,208 | INFO | Successfully Loaded Match 5747544
2026-06-28 16:26:41,210 | INFO | Skipping Match 5763564 (Already Loaded)
2026-06-28 16:26:41,210 | INFO | Successfully Loaded Match 5763564
2026-06-28 16:26:41,211 | INFO | Skipping Match 5496017 (Already Loaded)
2026-06-28 16:26:41,212 | INFO | Successfully Loaded Match 5496017
2026-06-28 16:26:41,213 | INFO | Skipping Match 5497954 (Already Loaded)
2026-06-28 16:26:41,213 | INFO | Successfully Loaded Match 5497954
2026-06-28 16:26:41,214 | INFO | Skipping Match 5496029 (Already Loaded)
2026-06-28 16:26:41,214 | INFO | Successfully Loaded Match 5496029
2026-06-28 16:26:41,216 | INFO | Skipping Match 5496083 (Already Loaded)
2026-06-28 16:26:41,216 | INFO | Successfully Loaded Match 5496083
2026-06-28 16:26:41,217 | INFO | Skipping Match 5496084 (Already Loaded)
2026-06-28 16:26:41,217 | INFO | Successfully Loaded Match 5496084
2026-06-28 16:26:41,218 | INFO | Skipping Match 5107869 (Already Loaded)
2026-06-28 16:26:41,218 | INFO | Successfully Loaded Match 5107869
2026-06-28 16:26:41,219 | INFO | Skipping Match 5127522 (Already Loaded)
2026-06-28 16:26:41,219 | INFO | Successfully Loaded Match 5127522
2026-06-28 16:26:41,220 | INFO | Skipping Match 5127519 (Already Loaded)
2026-06-28 16:26:41,220 | INFO | Successfully Loaded Match 5127519
2026-06-28 16:26:41,221 | INFO | Skipping Match 5127518 (Already Loaded)
2026-06-28 16:26:41,221 | INFO | Successfully Loaded Match 5127518
2026-06-28 16:26:41,222 | INFO | Skipping Match 5127866 (Already Loaded)
2026-06-28 16:26:41,222 | INFO | Successfully Loaded Match 5127866
2026-06-28 16:26:41,223 | INFO | Skipping Match 5127869 (Already Loaded)
2026-06-28 16:26:41,223 | INFO | Successfully Loaded Match 5127869
2026-06-28 16:26:41,225 | INFO | Skipping Match 5127871 (Already Loaded)
2026-06-28 16:26:41,225 | INFO | Successfully Loaded Match 5127871
2026-06-28 16:26:41,227 | INFO | Skipping Match 5127864 (Already Loaded)
2026-06-28 16:26:41,227 | INFO | Successfully Loaded Match 5127864
2026-06-28 16:26:41,228 | INFO | Skipping Match 5127870 (Already Loaded)
2026-06-28 16:26:41,228 | INFO | Successfully Loaded Match 5127870
2026-06-28 16:26:41,229 | INFO | Skipping Match 5127865 (Already Loaded)
2026-06-28 16:26:41,229 | INFO | Successfully Loaded Match 5127865
2026-06-28 16:26:41,230 | INFO | Skipping Match 5238323 (Already Loaded)
2026-06-28 16:26:41,230 | INFO | Successfully Loaded Match 5238323
2026-06-28 16:26:41,232 | INFO | Skipping Match 5238474 (Already Loaded)
2026-06-28 16:26:41,232 | INFO | Successfully Loaded Match 5238474
2026-06-28 16:26:41,233 | INFO | Skipping Match 5238471 (Already Loaded)
2026-06-28 16:26:41,233 | INFO | Successfully Loaded Match 5238471
2026-06-28 16:26:41,234 | INFO | Skipping Match 5238473 (Already Loaded)
2026-06-28 16:26:41,235 | INFO | Successfully Loaded Match 5238473
2026-06-28 16:26:41,236 | INFO | Skipping Match 5201091 (Already Loaded)
2026-06-28 16:26:41,236 | INFO | Successfully Loaded Match 5201091
2026-06-28 16:26:41,237 | INFO | Skipping Match 5201092 (Already Loaded)
2026-06-28 16:26:41,237 | INFO | Successfully Loaded Match 5201092
2026-06-28 16:26:41,238 | INFO | Skipping Match 5201093 (Already Loaded)
2026-06-28 16:26:41,238 | INFO | Successfully Loaded Match 5201093
2026-06-28 16:26:41,239 | INFO | Skipping Match 5201094 (Already Loaded)
2026-06-28 16:26:41,239 | INFO | Successfully Loaded Match 5201094
2026-06-28 16:26:41,241 | INFO | Skipping Match 5201096 (Already Loaded)
2026-06-28 16:26:41,241 | INFO | Successfully Loaded Match 5201096
2026-06-28 16:26:41,243 | INFO | Skipping Match 5201097 (Already Loaded)
2026-06-28 16:26:41,243 | INFO | Successfully Loaded Match 5201097
2026-06-28 16:26:41,244 | INFO | Skipping Match 5201095 (Already Loaded)
2026-06-28 16:26:41,244 | INFO | Successfully Loaded Match 5201095
2026-06-28 16:26:41,245 | INFO | Skipping Match 5234908 (Already Loaded)
2026-06-28 16:26:41,245 | INFO | Successfully Loaded Match 5234908
2026-06-28 16:26:41,247 | INFO | Skipping Match 5234909 (Already Loaded)
2026-06-28 16:26:41,247 | INFO | Successfully Loaded Match 5234909
2026-06-28 16:26:41,248 | INFO | Skipping Match 5234910 (Already Loaded)
2026-06-28 16:26:41,248 | INFO | Successfully Loaded Match 5234910
2026-06-28 16:26:41,250 | INFO | Skipping Match 5671868 (Already Loaded)
2026-06-28 16:26:41,250 | INFO | Successfully Loaded Match 5671868
2026-06-28 16:26:41,251 | INFO | Skipping Match 5144149 (Already Loaded)
2026-06-28 16:26:41,251 | INFO | Successfully Loaded Match 5144149
2026-06-28 16:26:41,252 | INFO | Skipping Match 5144148 (Already Loaded)
2026-06-28 16:26:41,253 | INFO | Successfully Loaded Match 5144148
2026-06-28 16:26:41,254 | INFO | Skipping Match 5144150 (Already Loaded)
2026-06-28 16:26:41,254 | INFO | Successfully Loaded Match 5144150
2026-06-28 16:26:41,255 | INFO | Skipping Match 5144152 (Already Loaded)
2026-06-28 16:26:41,255 | INFO | Successfully Loaded Match 5144152
2026-06-28 16:26:41,257 | INFO | Skipping Match 5144510 (Already Loaded)
2026-06-28 16:26:41,257 | INFO | Successfully Loaded Match 5144510
2026-06-28 16:26:41,259 | INFO | Skipping Match 5144512 (Already Loaded)
2026-06-28 16:26:41,259 | INFO | Successfully Loaded Match 5144512
2026-06-28 16:26:41,260 | INFO | Skipping Match 5144513 (Already Loaded)
2026-06-28 16:26:41,261 | INFO | Successfully Loaded Match 5144513
2026-06-28 16:26:41,262 | INFO | Skipping Match 5144514 (Already Loaded)
2026-06-28 16:26:41,262 | INFO | Successfully Loaded Match 5144514
2026-06-28 16:26:41,263 | INFO | Skipping Match 5144515 (Already Loaded)
2026-06-28 16:26:41,263 | INFO | Successfully Loaded Match 5144515
2026-06-28 16:26:41,265 | INFO | Skipping Match 5143784 (Already Loaded)
2026-06-28 16:26:41,265 | INFO | Successfully Loaded Match 5143784
2026-06-28 16:26:41,266 | INFO | Skipping Match 5143785 (Already Loaded)
2026-06-28 16:26:41,266 | INFO | Successfully Loaded Match 5143785
2026-06-28 16:26:41,267 | INFO | Skipping Match 5143786 (Already Loaded)
2026-06-28 16:26:41,267 | INFO | Successfully Loaded Match 5143786
2026-06-28 16:26:41,269 | INFO | Skipping Match 5143964 (Already Loaded)
2026-06-28 16:26:41,269 | INFO | Successfully Loaded Match 5143964
2026-06-28 16:26:41,270 | INFO | Skipping Match 5143966 (Already Loaded)
2026-06-28 16:26:41,270 | INFO | Successfully Loaded Match 5143966
2026-06-28 16:26:41,271 | INFO | Skipping Match 5143968 (Already Loaded)
2026-06-28 16:26:41,271 | INFO | Successfully Loaded Match 5143968
2026-06-28 16:26:41,272 | INFO | Skipping Match 5143965 (Already Loaded)
2026-06-28 16:26:41,273 | INFO | Successfully Loaded Match 5143965
2026-06-28 16:26:41,274 | INFO | Skipping Match 5143967 (Already Loaded)
2026-06-28 16:26:41,274 | INFO | Successfully Loaded Match 5143967
2026-06-28 16:26:41,277 | INFO | Skipping Match 5143969 (Already Loaded)
2026-06-28 16:26:41,277 | INFO | Successfully Loaded Match 5143969
2026-06-28 16:26:41,278 | INFO | Skipping Match 5144708 (Already Loaded)
2026-06-28 16:26:41,278 | INFO | Successfully Loaded Match 5144708
2026-06-28 16:26:41,280 | INFO | Skipping Match 5144704 (Already Loaded)
2026-06-28 16:26:41,280 | INFO | Successfully Loaded Match 5144704
2026-06-28 16:26:41,281 | INFO | Skipping Match 5144706 (Already Loaded)
2026-06-28 16:26:41,281 | INFO | Successfully Loaded Match 5144706
2026-06-28 16:26:41,282 | INFO | Skipping Match 5144707 (Already Loaded)
2026-06-28 16:26:41,283 | INFO | Successfully Loaded Match 5144707
2026-06-28 16:26:41,284 | INFO | Skipping Match 5144331 (Already Loaded)
2026-06-28 16:26:41,284 | INFO | Successfully Loaded Match 5144331
2026-06-28 16:26:41,285 | INFO | Skipping Match 5100925 (Already Loaded)
2026-06-28 16:26:41,285 | INFO | Successfully Loaded Match 5100925
2026-06-28 16:26:41,286 | INFO | Skipping Match 5215452 (Already Loaded)
2026-06-28 16:26:41,287 | INFO | Successfully Loaded Match 5215452
2026-06-28 16:26:41,288 | INFO | Skipping Match 5215451 (Already Loaded)
2026-06-28 16:26:41,288 | INFO | Successfully Loaded Match 5215451
2026-06-28 16:26:41,289 | INFO | Skipping Match 5215449 (Already Loaded)
2026-06-28 16:26:41,289 | INFO | Successfully Loaded Match 5215449
2026-06-28 16:26:41,291 | INFO | Skipping Match 5215447 (Already Loaded)
2026-06-28 16:26:41,291 | INFO | Successfully Loaded Match 5215447
2026-06-28 16:26:41,292 | INFO | Skipping Match 5204167 (Already Loaded)
2026-06-28 16:26:41,292 | INFO | Successfully Loaded Match 5204167
2026-06-28 16:26:41,294 | INFO | Skipping Match 5204160 (Already Loaded)
2026-06-28 16:26:41,294 | INFO | Successfully Loaded Match 5204160
2026-06-28 16:26:41,295 | INFO | Skipping Match 5204158 (Already Loaded)
2026-06-28 16:26:41,295 | INFO | Successfully Loaded Match 5204158
2026-06-28 16:26:41,296 | INFO | Skipping Match 5204155 (Already Loaded)
2026-06-28 16:26:41,297 | INFO | Successfully Loaded Match 5204155
2026-06-28 16:26:41,297 | INFO | Skipping Match 4951120 (Already Loaded)
2026-06-28 16:26:41,298 | INFO | Successfully Loaded Match 4951120
2026-06-28 16:26:41,299 | INFO | Skipping Match 4951121 (Already Loaded)
2026-06-28 16:26:41,299 | INFO | Successfully Loaded Match 4951121
2026-06-28 16:26:41,300 | INFO | Skipping Match 4951122 (Already Loaded)
2026-06-28 16:26:41,300 | INFO | Successfully Loaded Match 4951122
2026-06-28 16:26:41,301 | INFO | Skipping Match 4951123 (Already Loaded)
2026-06-28 16:26:41,301 | INFO | Successfully Loaded Match 4951123
2026-06-28 16:26:41,302 | INFO | Skipping Match 4951124 (Already Loaded)
2026-06-28 16:26:41,302 | INFO | Successfully Loaded Match 4951124
2026-06-28 16:26:41,303 | INFO | Skipping Match 4951125 (Already Loaded)
2026-06-28 16:26:41,303 | INFO | Successfully Loaded Match 4951125
2026-06-28 16:26:41,304 | INFO | Skipping Match 4951126 (Already Loaded)
2026-06-28 16:26:41,304 | INFO | Successfully Loaded Match 4951126
2026-06-28 16:26:41,305 | INFO | Skipping Match 4951127 (Already Loaded)
2026-06-28 16:26:41,305 | INFO | Successfully Loaded Match 4951127
2026-06-28 16:26:41,306 | INFO | Skipping Match 5113910 (Already Loaded)
2026-06-28 16:26:41,306 | INFO | Successfully Loaded Match 5113910
2026-06-28 16:26:41,308 | INFO | Skipping Match 5113913 (Already Loaded)
2026-06-28 16:26:41,308 | INFO | Successfully Loaded Match 5113913
2026-06-28 16:26:41,309 | INFO | Skipping Match 5113905 (Already Loaded)
2026-06-28 16:26:41,310 | INFO | Successfully Loaded Match 5113905
2026-06-28 16:26:41,311 | INFO | Skipping Match 5113911 (Already Loaded)
2026-06-28 16:26:41,311 | INFO | Successfully Loaded Match 5113911
2026-06-28 16:26:41,312 | INFO | Skipping Match 5113907 (Already Loaded)
2026-06-28 16:26:41,313 | INFO | Successfully Loaded Match 5113907
2026-06-28 16:26:41,314 | INFO | Skipping Match 5113906 (Already Loaded)
2026-06-28 16:26:41,314 | INFO | Successfully Loaded Match 5113906
2026-06-28 16:26:41,315 | INFO | Skipping Match 5791028 (Already Loaded)
2026-06-28 16:26:41,315 | INFO | Successfully Loaded Match 5791028
2026-06-28 16:26:41,316 | INFO | Skipping Match 5791029 (Already Loaded)
2026-06-28 16:26:41,316 | INFO | Successfully Loaded Match 5791029
2026-06-28 16:26:41,317 | INFO | Skipping Match 5791030 (Already Loaded)
2026-06-28 16:26:41,317 | INFO | Successfully Loaded Match 5791030
2026-06-28 16:26:41,318 | INFO | Skipping Match 5791031 (Already Loaded)
2026-06-28 16:26:41,318 | INFO | Successfully Loaded Match 5791031
2026-06-28 16:26:41,319 | INFO | Skipping Match 5186526 (Already Loaded)
2026-06-28 16:26:41,319 | INFO | Successfully Loaded Match 5186526
2026-06-28 16:26:41,320 | INFO | Skipping Match 5186527 (Already Loaded)
2026-06-28 16:26:41,320 | INFO | Successfully Loaded Match 5186527
2026-06-28 16:26:41,321 | INFO | Skipping Match 5186528 (Already Loaded)
2026-06-28 16:26:41,321 | INFO | Successfully Loaded Match 5186528
2026-06-28 16:26:41,322 | INFO | Skipping Match 5186529 (Already Loaded)
2026-06-28 16:26:41,322 | INFO | Successfully Loaded Match 5186529
2026-06-28 16:26:41,323 | INFO | Skipping Match 5186530 (Already Loaded)
2026-06-28 16:26:41,323 | INFO | Successfully Loaded Match 5186530
2026-06-28 16:26:41,325 | INFO | Skipping Match 5186531 (Already Loaded)
2026-06-28 16:26:41,326 | INFO | Successfully Loaded Match 5186531
2026-06-28 16:26:41,327 | INFO | Skipping Match 5186532 (Already Loaded)
2026-06-28 16:26:41,327 | INFO | Successfully Loaded Match 5186532
2026-06-28 16:26:41,329 | INFO | Skipping Match 5774039 (Already Loaded)
2026-06-28 16:26:41,329 | INFO | Successfully Loaded Match 5774039
2026-06-28 16:26:41,330 | INFO | Skipping Match 5774040 (Already Loaded)
2026-06-28 16:26:41,330 | INFO | Successfully Loaded Match 5774040
2026-06-28 16:26:41,331 | INFO | Skipping Match 5125551 (Already Loaded)
2026-06-28 16:26:41,331 | INFO | Successfully Loaded Match 5125551
2026-06-28 16:26:41,332 | INFO | Skipping Match 5125556 (Already Loaded)
2026-06-28 16:26:41,332 | INFO | Successfully Loaded Match 5125556
2026-06-28 16:26:41,333 | INFO | Skipping Match 5125555 (Already Loaded)
2026-06-28 16:26:41,333 | INFO | Successfully Loaded Match 5125555
2026-06-28 16:26:41,334 | INFO | Skipping Match 5125552 (Already Loaded)
2026-06-28 16:26:41,334 | INFO | Successfully Loaded Match 5125552
2026-06-28 16:26:41,334 | INFO | Skipping Match 5147583 (Already Loaded)
2026-06-28 16:26:41,335 | INFO | Successfully Loaded Match 5147583
2026-06-28 16:26:41,335 | INFO | Skipping Match 5147584 (Already Loaded)
2026-06-28 16:26:41,336 | INFO | Successfully Loaded Match 5147584
2026-06-28 16:26:41,336 | INFO | Skipping Match 5147585 (Already Loaded)
2026-06-28 16:26:41,336 | INFO | Successfully Loaded Match 5147585
2026-06-28 16:26:41,337 | INFO | Skipping Match 5147586 (Already Loaded)
2026-06-28 16:26:41,337 | INFO | Successfully Loaded Match 5147586
2026-06-28 16:26:41,338 | INFO | Skipping Match 5147587 (Already Loaded)
2026-06-28 16:26:41,338 | INFO | Successfully Loaded Match 5147587
2026-06-28 16:26:41,339 | INFO | Skipping Match 5147588 (Already Loaded)
2026-06-28 16:26:41,339 | INFO | Successfully Loaded Match 5147588
2026-06-28 16:26:41,341 | INFO | Skipping Match 5101050 (Already Loaded)
2026-06-28 16:26:41,341 | INFO | Successfully Loaded Match 5101050
2026-06-28 16:26:41,341 | INFO | Skipping Match 5101046 (Already Loaded)
2026-06-28 16:26:41,341 | INFO | Successfully Loaded Match 5101046
2026-06-28 16:26:41,343 | INFO | Skipping Match 5101048 (Already Loaded)
2026-06-28 16:26:41,343 | INFO | Successfully Loaded Match 5101048
2026-06-28 16:26:41,343 | INFO | Skipping Match 5101049 (Already Loaded)
2026-06-28 16:26:41,343 | INFO | Successfully Loaded Match 5101049
2026-06-28 16:26:41,343 | INFO | Skipping Match 5101051 (Already Loaded)
2026-06-28 16:26:41,344 | INFO | Successfully Loaded Match 5101051
2026-06-28 16:26:41,345 | INFO | Skipping Match 5101047 (Already Loaded)
2026-06-28 16:26:41,345 | INFO | Successfully Loaded Match 5101047
2026-06-28 16:26:41,346 | INFO | Skipping Match 5163991 (Already Loaded)
2026-06-28 16:26:41,346 | INFO | Successfully Loaded Match 5163991
2026-06-28 16:26:41,347 | INFO | Skipping Match 5163713 (Already Loaded)
2026-06-28 16:26:41,348 | INFO | Successfully Loaded Match 5163713
2026-06-28 16:26:41,349 | INFO | Skipping Match 5163714 (Already Loaded)
2026-06-28 16:26:41,349 | INFO | Successfully Loaded Match 5163714
2026-06-28 16:26:41,350 | INFO | Skipping Match 1000007610 (Already Loaded)
2026-06-28 16:26:41,350 | INFO | Successfully Loaded Match 1000007610
2026-06-28 16:26:41,351 | INFO | Skipping Match 1000007612 (Already Loaded)
2026-06-28 16:26:41,351 | INFO | Successfully Loaded Match 1000007612
2026-06-28 16:26:41,352 | INFO | Skipping Match 1000007611 (Already Loaded)
2026-06-28 16:26:41,353 | INFO | Successfully Loaded Match 1000007611
2026-06-28 16:26:41,354 | INFO | Skipping Match 1000007614 (Already Loaded)
2026-06-28 16:26:41,354 | INFO | Successfully Loaded Match 1000007614
2026-06-28 16:26:41,355 | INFO | Skipping Match 1000007613 (Already Loaded)
2026-06-28 16:26:41,355 | INFO | Successfully Loaded Match 1000007613
2026-06-28 16:26:41,357 | INFO | Skipping Match 1000009182 (Already Loaded)
2026-06-28 16:26:41,357 | INFO | Successfully Loaded Match 1000009182
2026-06-28 16:26:41,358 | INFO | Skipping Match 5190582 (Already Loaded)
2026-06-28 16:26:41,359 | INFO | Successfully Loaded Match 5190582
2026-06-28 16:26:41,360 | INFO | Skipping Match 5190585 (Already Loaded)
2026-06-28 16:26:41,360 | INFO | Successfully Loaded Match 5190585
2026-06-28 16:26:41,362 | INFO | Skipping Match 1000009451 (Already Loaded)
2026-06-28 16:26:41,362 | INFO | Successfully Loaded Match 1000009451
2026-06-28 16:26:41,363 | INFO | Skipping Match 1000009455 (Already Loaded)
2026-06-28 16:26:41,363 | INFO | Successfully Loaded Match 1000009455
2026-06-28 16:26:41,364 | INFO | Skipping Match 1000009459 (Already Loaded)
2026-06-28 16:26:41,364 | INFO | Successfully Loaded Match 1000009459
2026-06-28 16:26:41,366 | INFO | Skipping Match 1000009454 (Already Loaded)
2026-06-28 16:26:41,366 | INFO | Successfully Loaded Match 1000009454
2026-06-28 16:26:41,367 | INFO | Skipping Match 1000015002 (Already Loaded)
2026-06-28 16:26:41,367 | INFO | Successfully Loaded Match 1000015002
2026-06-28 16:26:41,368 | INFO | Skipping Match 1000015026 (Already Loaded)
2026-06-28 16:26:41,368 | INFO | Successfully Loaded Match 1000015026
2026-06-28 16:26:41,369 | INFO | Skipping Match 1000015240 (Already Loaded)
2026-06-28 16:26:41,369 | INFO | Successfully Loaded Match 1000015240
2026-06-28 16:26:41,371 | INFO | Skipping Match 1000015012 (Already Loaded)
2026-06-28 16:26:41,371 | INFO | Successfully Loaded Match 1000015012
2026-06-28 16:26:41,372 | INFO | Skipping Match 1000015016 (Already Loaded)
2026-06-28 16:26:41,372 | INFO | Successfully Loaded Match 1000015016
2026-06-28 16:26:41,374 | INFO | Skipping Match 1000015218 (Already Loaded)
2026-06-28 16:26:41,374 | INFO | Successfully Loaded Match 1000015218
2026-06-28 16:26:41,376 | INFO | Skipping Match 1000014998 (Already Loaded)
2026-06-28 16:26:41,376 | INFO | Successfully Loaded Match 1000014998
2026-06-28 16:26:41,377 | INFO | Skipping Match 1000015004 (Already Loaded)
2026-06-28 16:26:41,378 | INFO | Successfully Loaded Match 1000015004
2026-06-28 16:26:41,379 | INFO | Skipping Match 1000015024 (Already Loaded)
2026-06-28 16:26:41,379 | INFO | Successfully Loaded Match 1000015024
2026-06-28 16:26:41,380 | INFO | Skipping Match 1000015228 (Already Loaded)
2026-06-28 16:26:41,381 | INFO | Successfully Loaded Match 1000015228
2026-06-28 16:26:41,382 | INFO | Skipping Match 1000015232 (Already Loaded)
2026-06-28 16:26:41,382 | INFO | Successfully Loaded Match 1000015232
2026-06-28 16:26:41,383 | INFO | Skipping Match 1000015238 (Already Loaded)
2026-06-28 16:26:41,383 | INFO | Successfully Loaded Match 1000015238
2026-06-28 16:26:41,384 | INFO | Skipping Match 1000015020 (Already Loaded)
2026-06-28 16:26:41,385 | INFO | Successfully Loaded Match 1000015020
2026-06-28 16:26:41,386 | INFO | Skipping Match 1000015022 (Already Loaded)
2026-06-28 16:26:41,386 | INFO | Successfully Loaded Match 1000015022
2026-06-28 16:26:41,387 | INFO | Skipping Match 1000015226 (Already Loaded)
2026-06-28 16:26:41,387 | INFO | Successfully Loaded Match 1000015226
2026-06-28 16:26:41,388 | INFO | Skipping Match 1000015006 (Already Loaded)
2026-06-28 16:26:41,388 | INFO | Successfully Loaded Match 1000015006
2026-06-28 16:26:41,389 | INFO | Skipping Match 1000015222 (Already Loaded)
2026-06-28 16:26:41,389 | INFO | Successfully Loaded Match 1000015222
2026-06-28 16:26:41,391 | INFO | Skipping Match 1000015010 (Already Loaded)
2026-06-28 16:26:41,391 | INFO | Successfully Loaded Match 1000015010
2026-06-28 16:26:41,393 | INFO | Skipping Match 1000015014 (Already Loaded)
2026-06-28 16:26:41,393 | INFO | Successfully Loaded Match 1000015014
2026-06-28 16:26:41,393 | INFO | Daily Match Loader Completed
2026-06-28 16:26:41,393 | INFO | ============================================================
2026-07-09 16:29:37,577 | INFO | ============================================================
2026-07-09 16:29:37,581 | INFO | Starting Daily Match Loader
2026-07-09 16:29:37,581 | INFO | Target Date : 20260708
2026-07-09 16:29:39,929 | INFO | Found 34 matches
2026-07-09 16:29:42,288 | INFO | Processing Match 5785674 | Kairat Almaty vs Sutjeska
2026-07-09 16:29:45,247 | WARNING | INT-2 not found in FIFA
2026-07-09 16:29:45,415 | INFO | Successfully Loaded Match 5785674
2026-07-09 16:29:45,417 | INFO | Processing Match 5785664 | Flora Tallinn vs Iberia 1999
2026-07-09 16:29:48,278 | WARNING | INT-2 not found in FIFA
2026-07-09 16:29:48,392 | INFO | Successfully Loaded Match 5785664
2026-07-09 16:29:48,394 | INFO | Processing Match 5785671 | CS Petrocub vs Egnatia
2026-07-09 16:29:51,112 | WARNING | INT-2 not found in FIFA
2026-07-09 16:29:51,134 | INFO | Successfully Loaded Match 5785671
2026-07-09 16:29:51,136 | INFO | Processing Match 5785670 | Maxline Vitebsk vs Universitatea Craiova
2026-07-09 16:29:52,702 | WARNING | INT-2 not found in FIFA
2026-07-09 16:29:52,733 | INFO | Successfully Loaded Match 5785670
2026-07-09 16:29:52,735 | INFO | Processing Match 5900219 | Lyon vs Macon 71
2026-07-09 16:29:54,789 | WARNING | INT-2 not found in FIFA
2026-07-09 16:29:54,802 | INFO | Successfully Loaded Match 5900219
2026-07-09 16:29:54,804 | INFO | Processing Match 5748088 | AaB vs Randers FC
2026-07-09 16:29:56,961 | WARNING | INT-2 not found in FIFA
2026-07-09 16:29:56,982 | INFO | Successfully Loaded Match 5748088
2026-07-09 16:29:56,983 | INFO | Processing Match 5748091 | Aarhus Fremad vs Silkeborg
2026-07-09 16:29:58,518 | WARNING | INT-2 not found in FIFA
2026-07-09 16:29:58,530 | INFO | Successfully Loaded Match 5748091
2026-07-09 16:29:58,532 | INFO | Processing Match 5769577 | Basel vs Yverdon
2026-07-09 16:30:00,362 | WARNING | INT-2 not found in FIFA
2026-07-09 16:30:00,389 | INFO | Successfully Loaded Match 5769577
2026-07-09 16:30:00,391 | INFO | Processing Match 5766934 | Austria Wien vs DAC 1904 Dunajska Streda
2026-07-09 16:30:02,211 | WARNING | INT-2 not found in FIFA
2026-07-09 16:30:02,225 | INFO | Successfully Loaded Match 5766934
2026-07-09 16:30:02,226 | INFO | Processing Match 5900783 | Zenit vs Neftchi Fargona
2026-07-09 16:30:03,913 | WARNING | INT-2 not found in FIFA
2026-07-09 16:30:03,932 | INFO | Successfully Loaded Match 5900783
2026-07-09 16:30:03,935 | INFO | Processing Match 5842031 | Spartak vs Rubin
2026-07-09 16:30:05,484 | WARNING | INT-2 not found in FIFA
2026-07-09 16:30:05,513 | INFO | Successfully Loaded Match 5842031
2026-07-09 16:30:05,515 | INFO | Processing Match 5901131 | Admira Wacker vs Fenerbahçe
2026-07-09 16:30:07,447 | WARNING | INT-2 not found in FIFA
2026-07-09 16:30:07,521 | INFO | Successfully Loaded Match 5901131
2026-07-09 16:30:07,524 | INFO | Processing Match 5786607 | Zira vs Torpedo Kutaisi
2026-07-09 16:30:08,836 | WARNING | INT-2 not found in FIFA
2026-07-09 16:30:08,868 | INFO | Successfully Loaded Match 5786607
2026-07-09 16:30:08,870 | INFO | Processing Match 5786603 | Connah's Quay Nomads vs Ballkani
2026-07-09 16:30:11,319 | WARNING | INT-2 not found in FIFA
2026-07-09 16:30:11,352 | INFO | Successfully Loaded Match 5786603
2026-07-09 16:30:11,354 | INFO | Processing Match 5786605 | FC Differdange 03 vs Ilves
2026-07-09 16:30:12,946 | WARNING | INT-2 not found in FIFA
2026-07-09 16:30:12,975 | INFO | Successfully Loaded Match 5786605
2026-07-09 16:30:12,976 | INFO | Processing Match 5344825 | Spain U19 vs Croatia U19
2026-07-09 16:30:14,852 | INFO | Successfully Loaded Match 5344825
2026-07-09 16:30:14,854 | INFO | Processing Match 5344826 | Ukraine U19 vs Germany U19
2026-07-09 16:30:17,333 | INFO | Successfully Loaded Match 5344826
2026-07-09 16:30:17,336 | INFO | Processing Match 5344667 | Denmark U19 vs Italy U19
2026-07-09 16:30:19,724 | INFO | Successfully Loaded Match 5344667
2026-07-09 16:30:19,726 | INFO | Processing Match 5900770 | Tanzania Prisons vs Mbeya City
2026-07-09 16:30:21,819 | INFO | Successfully Loaded Match 5900770
2026-07-09 16:30:21,820 | INFO | Processing Match 5629310 | FAR Rabat vs Stade Marocain
2026-07-09 16:30:24,095 | INFO | Successfully Loaded Match 5629310
2026-07-09 16:30:24,097 | INFO | Processing Match 5109828 | Hartford Athletic vs Orange County SC
2026-07-09 16:30:26,420 | INFO | Successfully Loaded Match 5109828
2026-07-09 16:30:26,422 | INFO | Processing Match 5109829 | Sacramento Republic FC vs Rhode Island FC
2026-07-09 16:30:28,663 | INFO | Successfully Loaded Match 5109829
2026-07-09 16:30:28,664 | INFO | Processing Match 5101051 | Athlone Town (W) vs Shelbourne (W)
2026-07-09 16:30:30,769 | INFO | Successfully Loaded Match 5101051
2026-07-09 16:30:30,771 | INFO | Processing Match 5101049 | Peamount United (W) vs DLR Waves (W)
2026-07-09 16:30:32,657 | INFO | Successfully Loaded Match 5101049
2026-07-09 16:30:32,659 | INFO | Processing Match 1000011237 | CS Saint-Laurent vs Forge FC
2026-07-09 16:30:34,812 | INFO | Successfully Loaded Match 1000011237
2026-07-09 16:30:34,814 | INFO | Processing Match 1000011235 | Supra du Quebec vs Atlético Ottawa
2026-07-09 16:30:37,443 | INFO | Successfully Loaded Match 1000011235
2026-07-09 16:30:37,444 | INFO | Processing Match 1000011231 | Vancouver FC vs Montreal
2026-07-09 16:30:39,463 | INFO | Successfully Loaded Match 1000011231
2026-07-09 16:30:39,465 | INFO | Processing Match 1000011230 | Vancouver vs Cavalry FC
2026-07-09 16:30:41,572 | INFO | Successfully Loaded Match 1000011230
2026-07-09 16:30:41,574 | INFO | Processing Match 1000013920 | Union La Calera vs Coquimbo Unido
2026-07-09 16:30:43,846 | INFO | Successfully Loaded Match 1000013920
2026-07-09 16:30:43,847 | INFO | Processing Match 1000010848 | CDT Real Oruro vs Universitario de Vinto
2026-07-09 16:30:45,759 | INFO | Successfully Loaded Match 1000010848
2026-07-09 16:30:45,761 | INFO | Processing Match 1000010862 | Real Potosi vs ABB
2026-07-09 16:30:47,792 | INFO | Successfully Loaded Match 1000010862
2026-07-09 16:30:47,794 | INFO | Processing Match 5190599 | Ponte Preta vs Criciuma
2026-07-09 16:30:50,852 | INFO | Successfully Loaded Match 5190599
2026-07-09 16:30:50,854 | INFO | Processing Match 5109453 | Cosmos vs FC Naples
2026-07-09 16:30:53,019 | INFO | Successfully Loaded Match 5109453
2026-07-09 16:30:53,021 | INFO | Processing Match 5109452 | Greenville Triumph SC vs Sarasota Paradise
2026-07-09 16:30:54,935 | INFO | Successfully Loaded Match 5109452
2026-07-09 16:30:54,935 | INFO | Daily Match Loader Completed
2026-07-09 16:30:54,935 | INFO | ============================================================
